<?xml version="1.0" encoding="UTF-8"?>
<!-- Generated by org.testng.reporters.JUnitReportReporter -->
<testsuite hostname="manish" failures="0" tests="2" name="seleniummaven212.mavenhrm" time="10.091" errors="0" timestamp="2024-04-23T21:34:29 IST" skipped="0">
  <testcase classname="seleniummaven212.mavenhrm" name="login" time="3.329"/>
  <system-out/>
  <testcase classname="seleniummaven212.mavenhrm" name="buzz" time="6.762"/>
  <system-out/>
</testsuite> <!-- seleniummaven212.mavenhrm -->
